<?xml version="1.0" encoding="UTF-8"?>
<!-- Generated by org.testng.reporters.JUnitReportReporter -->
<testsuite skipped="0" hostname="Hp-PC" name="com.learnFramework.scripts.VerifyLogout" tests="1" failures="0" timestamp="02 Apr 2018 14:44:22 GMT" time="58.456" errors="0">
  <testcase name="enterEmail" time="58.456" classname="com.learnFramework.scripts.VerifyLogout"/>
</testsuite> <!-- com.learnFramework.scripts.VerifyLogout -->
