<?xml version="1.0" encoding="UTF-8"?>
<!-- Generated by org.testng.reporters.JUnitReportReporter -->
<testsuite skipped="0" hostname="Hp-PC" name="com.learnFramework.scripts.TestInvalidLogin" tests="1" failures="0" timestamp="02 Apr 2018 14:10:36 GMT" time="49.786" errors="0">
  <testcase name="enterEmail" time="49.786" classname="com.learnFramework.scripts.TestInvalidLogin"/>
</testsuite> <!-- com.learnFramework.scripts.TestInvalidLogin -->
