<?xml version="1.0" encoding="UTF-8"?>
<!-- Generated by org.testng.reporters.JUnitReportReporter -->
<testsuite skipped="0" hostname="Hp-PC" name="com.learnFramework.scripts.TestValidLogin" tests="1" failures="0" timestamp="02 Apr 2018 14:13:32 GMT" time="39.506" errors="0">
  <testcase name="enterEmail" time="39.506" classname="com.learnFramework.scripts.TestValidLogin"/>
</testsuite> <!-- com.learnFramework.scripts.TestValidLogin -->
